[2021-06-01 16:13:26,199] [__main__] [INFO] {'label': 1}
[2021-06-01 16:13:28,207] [__main__] [INFO] {'label': 0}
[2021-06-01 16:13:30,210] [__main__] [INFO] {'label': 1}
[2021-06-01 16:13:32,217] [__main__] [INFO] {'label': 0}
[2021-06-01 16:13:34,224] [__main__] [INFO] {'label': 0}
[2021-06-01 16:13:36,231] [__main__] [INFO] {'label': 1}
[2021-06-01 16:13:38,239] [__main__] [INFO] {'label': 0}
[2021-06-01 16:13:40,247] [__main__] [INFO] {'label': 1}
[2021-06-01 16:13:42,251] [__main__] [INFO] {'label': 0}
[2021-06-01 16:13:44,320] [__main__] [INFO] {'label': 0}
[2021-06-01 16:13:46,289] [__main__] [INFO] {'label': 0}
[2021-06-01 16:13:48,299] [__main__] [INFO] {'label': 0}
[2021-06-01 16:13:50,306] [__main__] [INFO] {'label': 0}
[2021-06-01 16:13:52,320] [__main__] [INFO] {'label': 0}
[2021-06-01 16:13:54,323] [__main__] [INFO] {'label': 0}
[2021-06-01 16:13:56,330] [__main__] [INFO] {'label': 0}
[2021-06-01 16:13:58,336] [__main__] [INFO] {'label': 0}
[2021-06-01 16:14:00,342] [__main__] [INFO] {'label': 0}
[2021-06-01 16:14:02,350] [__main__] [INFO] {'label': 0}
[2021-06-01 16:14:04,357] [__main__] [INFO] {'label': 0}
[2021-06-01 16:14:06,362] [__main__] [INFO] {'label': 0}
[2021-06-01 16:14:08,371] [__main__] [INFO] {'label': 0}
[2021-06-01 16:14:10,383] [__main__] [INFO] {'label': 0}
[2021-06-01 16:14:12,384] [__main__] [INFO] {'label': 0}
[2021-06-01 16:14:14,392] [__main__] [INFO] {'label': 0}
[2021-06-01 16:14:16,399] [__main__] [INFO] {'label': 0}
[2021-06-01 16:14:18,406] [__main__] [INFO] {'label': 1}
[2021-06-01 16:14:20,414] [__main__] [INFO] {'label': 0}
[2021-06-01 16:14:22,420] [__main__] [INFO] {'label': 0}
[2021-06-01 16:14:24,427] [__main__] [INFO] {'label': 0}
[2021-06-01 16:14:26,437] [__main__] [INFO] {'label': 1}
[2021-06-01 16:14:28,447] [__main__] [INFO] {'label': 1}
[2021-06-01 16:14:30,452] [__main__] [INFO] {'label': 0}
[2021-06-01 16:14:32,456] [__main__] [INFO] {'label': 0}
[2021-06-01 16:14:34,465] [__main__] [INFO] {'label': 1}
[2021-06-01 16:14:36,474] [__main__] [INFO] {'label': 0}
[2021-06-01 16:14:38,481] [__main__] [INFO] {'label': 1}
[2021-06-01 16:14:40,486] [__main__] [INFO] {'label': 0}
[2021-06-01 16:14:42,493] [__main__] [INFO] {'label': 1}
[2021-06-01 16:14:44,500] [__main__] [INFO] {'label': 0}
[2021-06-01 16:14:46,510] [__main__] [INFO] {'label': 0}
[2021-06-01 16:14:48,513] [__main__] [INFO] {'label': 1}
[2021-06-01 16:14:50,519] [__main__] [INFO] {'label': 0}
[2021-06-01 16:14:52,526] [__main__] [INFO] {'label': 1}
[2021-06-01 16:14:54,531] [__main__] [INFO] {'label': 0}
[2021-06-01 16:14:56,537] [__main__] [INFO] {'label': 0}
[2021-06-01 16:14:58,545] [__main__] [INFO] {'label': 0}
[2021-06-01 16:15:00,549] [__main__] [INFO] {'label': 0}
[2021-06-01 16:15:02,557] [__main__] [INFO] {'label': 1}
[2021-06-01 16:15:04,562] [__main__] [INFO] {'label': 1}
[2021-06-01 16:15:06,573] [__main__] [INFO] {'label': 1}
[2021-06-01 16:15:08,580] [__main__] [INFO] {'label': 1}
[2021-06-01 16:15:10,587] [__main__] [INFO] {'label': 1}
[2021-06-01 16:15:12,590] [__main__] [INFO] {'label': 0}
[2021-06-01 16:15:14,596] [__main__] [INFO] {'label': 1}
[2021-06-01 16:15:16,603] [__main__] [INFO] {'label': 0}
[2021-06-01 16:15:18,610] [__main__] [INFO] {'label': 1}
[2021-06-01 16:15:20,620] [__main__] [INFO] {'label': 0}
[2021-06-01 16:15:22,628] [__main__] [INFO] {'label': 0}
[2021-06-01 16:15:24,635] [__main__] [INFO] {'label': 0}
[2021-06-01 16:15:26,640] [__main__] [INFO] {'label': 0}
[2021-06-01 16:15:28,653] [__main__] [INFO] {'label': 0}
[2021-06-01 16:15:30,654] [__main__] [INFO] {'label': 0}
[2021-06-01 16:15:32,658] [__main__] [INFO] {'label': 0}
[2021-06-01 16:15:34,666] [__main__] [INFO] {'label': 0}
[2021-06-01 16:15:36,673] [__main__] [INFO] {'label': 0}
[2021-06-01 16:15:38,680] [__main__] [INFO] {'label': 0}
[2021-06-01 16:15:40,697] [__main__] [INFO] {'label': 0}
[2021-06-01 16:15:42,706] [__main__] [INFO] {'label': 1}
[2021-06-01 16:15:44,712] [__main__] [INFO] {'label': 0}
[2021-06-01 16:15:46,720] [__main__] [INFO] {'label': 0}
[2021-06-01 16:15:48,721] [__main__] [INFO] {'label': 1}
[2021-06-01 16:15:50,729] [__main__] [INFO] {'label': 0}
[2021-06-01 16:15:52,743] [__main__] [INFO] {'label': 1}
[2021-06-01 16:15:54,744] [__main__] [INFO] {'label': 0}
[2021-06-01 16:15:56,751] [__main__] [INFO] {'label': 1}
[2021-06-01 16:15:58,759] [__main__] [INFO] {'label': 0}
[2021-06-01 16:16:00,765] [__main__] [INFO] {'label': 1}
[2021-06-01 16:16:02,773] [__main__] [INFO] {'label': 0}
[2021-06-01 16:16:04,778] [__main__] [INFO] {'label': 0}
[2021-06-01 16:16:06,784] [__main__] [INFO] {'label': 1}
[2021-06-01 16:16:08,793] [__main__] [INFO] {'label': 1}
[2021-06-01 16:16:10,797] [__main__] [INFO] {'label': 1}
[2021-06-01 16:16:12,836] [__main__] [INFO] {'label': 0}
[2021-06-01 16:16:14,838] [__main__] [INFO] {'label': 0}
[2021-06-01 16:16:16,848] [__main__] [INFO] {'label': 0}
[2021-06-01 16:16:18,852] [__main__] [INFO] {'label': 0}
[2021-06-01 16:16:20,857] [__main__] [INFO] {'label': 0}
[2021-06-01 16:16:22,867] [__main__] [INFO] {'label': 0}
[2021-06-01 16:16:24,873] [__main__] [INFO] {'label': 0}
[2021-06-01 16:16:26,878] [__main__] [INFO] {'label': 0}
[2021-06-01 16:16:28,884] [__main__] [INFO] {'label': 0}
[2021-06-01 16:16:30,897] [__main__] [INFO] {'label': 0}
[2021-06-01 16:16:32,901] [__main__] [INFO] {'label': 0}
[2021-06-01 16:16:34,911] [__main__] [INFO] {'label': 1}
[2021-06-01 16:16:36,920] [__main__] [INFO] {'label': 0}
[2021-06-01 16:16:38,923] [__main__] [INFO] {'label': 0}
[2021-06-01 16:16:40,935] [__main__] [INFO] {'label': 0}
[2021-06-01 16:16:42,944] [__main__] [INFO] {'label': 0}
[2021-06-01 16:16:44,941] [__main__] [INFO] {'label': 1}
[2021-06-01 16:16:46,950] [__main__] [INFO] {'label': 1}
[2021-06-01 16:16:48,956] [__main__] [INFO] {'label': 1}
[2021-06-01 16:16:50,967] [__main__] [INFO] {'label': 1}
[2021-06-01 16:16:52,977] [__main__] [INFO] {'label': 0}
[2021-06-01 16:16:54,985] [__main__] [INFO] {'label': 1}
[2021-06-01 16:16:56,992] [__main__] [INFO] {'label': 1}
[2021-06-01 16:16:58,997] [__main__] [INFO] {'label': 0}
[2021-06-01 16:17:01,003] [__main__] [INFO] {'label': 1}
[2021-06-01 16:17:03,010] [__main__] [INFO] {'label': 0}
[2021-06-01 16:17:05,024] [__main__] [INFO] {'label': 1}
[2021-06-01 16:17:07,031] [__main__] [INFO] {'label': 0}
[2021-06-01 16:17:09,034] [__main__] [INFO] {'label': 1}
[2021-06-01 16:17:11,041] [__main__] [INFO] {'label': 1}
[2021-06-01 16:17:13,048] [__main__] [INFO] {'label': 0}
[2021-06-01 16:17:15,054] [__main__] [INFO] {'label': 0}
[2021-06-01 16:17:17,059] [__main__] [INFO] {'label': 0}
[2021-06-01 16:17:19,066] [__main__] [INFO] {'label': 0}
[2021-06-01 16:17:21,075] [__main__] [INFO] {'label': 0}
[2021-06-01 16:17:23,079] [__main__] [INFO] {'label': 0}
[2021-06-01 16:17:25,086] [__main__] [INFO] {'label': 1}
[2021-06-01 16:17:27,094] [__main__] [INFO] {'label': 0}
[2021-06-01 16:17:29,103] [__main__] [INFO] {'label': 0}
[2021-06-01 16:17:31,128] [__main__] [INFO] {'label': 1}
[2021-06-01 16:17:33,112] [__main__] [INFO] {'label': 0}
[2021-06-01 16:17:35,119] [__main__] [INFO] {'label': 0}
[2021-06-01 16:17:37,127] [__main__] [INFO] {'label': 1}
[2021-06-01 16:17:39,133] [__main__] [INFO] {'label': 0}
[2021-06-01 16:17:41,139] [__main__] [INFO] {'label': 0}
[2021-06-01 16:17:43,149] [__main__] [INFO] {'label': 0}
[2021-06-01 16:17:45,157] [__main__] [INFO] {'label': 1}
[2021-06-01 16:17:47,164] [__main__] [INFO] {'label': 0}
[2021-06-01 16:17:49,173] [__main__] [INFO] {'label': 0}
[2021-06-01 16:17:51,178] [__main__] [INFO] {'label': 0}
[2021-06-01 16:17:53,187] [__main__] [INFO] {'label': 0}
[2021-06-01 16:17:55,190] [__main__] [INFO] {'label': 0}
[2021-06-01 16:17:57,198] [__main__] [INFO] {'label': 0}
[2021-06-01 16:17:59,207] [__main__] [INFO] {'label': 0}
[2021-06-01 16:18:01,214] [__main__] [INFO] {'label': 0}
[2021-06-01 16:18:03,219] [__main__] [INFO] {'label': 1}
[2021-06-01 16:18:05,226] [__main__] [INFO] {'label': 1}
[2021-06-01 16:18:07,236] [__main__] [INFO] {'label': 0}
[2021-06-01 16:18:09,242] [__main__] [INFO] {'label': 0}
[2021-06-01 16:18:11,250] [__main__] [INFO] {'label': 1}
[2021-06-01 16:18:13,256] [__main__] [INFO] {'label': 0}
[2021-06-01 16:18:15,264] [__main__] [INFO] {'label': 1}
[2021-06-01 16:18:17,275] [__main__] [INFO] {'label': 0}
[2021-06-01 16:18:19,282] [__main__] [INFO] {'label': 0}
[2021-06-01 16:18:21,294] [__main__] [INFO] {'label': 0}
[2021-06-01 16:18:23,293] [__main__] [INFO] {'label': 1}
[2021-06-01 16:18:25,301] [__main__] [INFO] {'label': 1}
[2021-06-01 16:18:27,331] [__main__] [INFO] {'label': 1}
[2021-06-01 16:18:29,315] [__main__] [INFO] {'label': 1}
[2021-06-01 16:18:31,322] [__main__] [INFO] {'label': 0}
[2021-06-01 16:18:33,329] [__main__] [INFO] {'label': 1}
[2021-06-01 16:18:35,342] [__main__] [INFO] {'label': 1}
[2021-06-01 16:18:37,343] [__main__] [INFO] {'label': 0}
[2021-06-01 16:18:39,350] [__main__] [INFO] {'label': 0}
[2021-06-01 16:18:41,357] [__main__] [INFO] {'label': 1}
[2021-06-01 16:18:43,363] [__main__] [INFO] {'label': 1}
[2021-06-01 16:18:45,371] [__main__] [INFO] {'label': 0}
[2021-06-01 16:18:47,377] [__main__] [INFO] {'label': 0}
[2021-06-01 16:18:49,384] [__main__] [INFO] {'label': 0}
[2021-06-01 16:18:51,396] [__main__] [INFO] {'label': 0}
[2021-06-01 16:18:53,406] [__main__] [INFO] {'label': 1}
[2021-06-01 16:18:55,409] [__main__] [INFO] {'label': 1}
[2021-06-01 16:18:57,414] [__main__] [INFO] {'label': 1}
[2021-06-01 16:18:59,421] [__main__] [INFO] {'label': 1}
[2021-06-01 16:19:01,429] [__main__] [INFO] {'label': 1}
[2021-06-01 16:19:03,438] [__main__] [INFO] {'label': 0}
[2021-06-01 16:19:05,449] [__main__] [INFO] {'label': 1}
[2021-06-01 16:19:07,454] [__main__] [INFO] {'label': 0}
[2021-06-01 16:19:09,458] [__main__] [INFO] {'label': 1}
[2021-06-01 16:19:11,468] [__main__] [INFO] {'label': 0}
[2021-06-01 16:19:13,474] [__main__] [INFO] {'label': 0}
[2021-06-01 16:19:15,481] [__main__] [INFO] {'label': 1}
[2021-06-01 16:19:17,492] [__main__] [INFO] {'label': 1}
[2021-06-01 16:19:19,495] [__main__] [INFO] {'label': 0}
[2021-06-01 16:19:21,502] [__main__] [INFO] {'label': 0}
[2021-06-01 16:19:23,510] [__main__] [INFO] {'label': 1}
[2021-06-01 16:19:25,516] [__main__] [INFO] {'label': 1}
[2021-06-01 16:19:27,523] [__main__] [INFO] {'label': 0}
[2021-06-01 16:19:29,530] [__main__] [INFO] {'label': 0}
[2021-06-01 16:19:31,540] [__main__] [INFO] {'label': 1}
[2021-06-01 16:19:33,547] [__main__] [INFO] {'label': 0}
[2021-06-01 16:19:35,553] [__main__] [INFO] {'label': 1}
[2021-06-01 16:19:37,558] [__main__] [INFO] {'label': 1}
[2021-06-01 16:19:39,567] [__main__] [INFO] {'label': 1}
[2021-06-01 16:19:41,578] [__main__] [INFO] {'label': 0}
[2021-06-01 16:19:43,579] [__main__] [INFO] {'label': 1}
[2021-06-01 16:19:45,585] [__main__] [INFO] {'label': 0}
[2021-06-01 16:19:47,592] [__main__] [INFO] {'label': 0}
[2021-06-01 16:19:49,599] [__main__] [INFO] {'label': 1}
[2021-06-01 16:19:51,609] [__main__] [INFO] {'label': 0}
[2021-06-01 16:19:53,614] [__main__] [INFO] {'label': 0}
[2021-06-01 16:19:55,621] [__main__] [INFO] {'label': 1}
[2021-06-01 16:19:57,629] [__main__] [INFO] {'label': 1}
[2021-06-01 16:19:59,636] [__main__] [INFO] {'label': 0}
[2021-06-01 16:20:01,645] [__main__] [INFO] {'label': 1}
[2021-06-01 16:20:03,656] [__main__] [INFO] {'label': 1}
[2021-06-01 16:20:05,659] [__main__] [INFO] {'label': 0}
[2021-06-01 16:20:07,667] [__main__] [INFO] {'label': 1}
[2021-06-01 16:20:09,671] [__main__] [INFO] {'label': 0}
[2021-06-01 16:20:11,680] [__main__] [INFO] {'label': 0}
[2021-06-01 16:20:13,689] [__main__] [INFO] {'label': 1}
[2021-06-01 16:20:15,696] [__main__] [INFO] {'label': 1}
[2021-06-01 16:20:17,703] [__main__] [INFO] {'label': 0}
[2021-06-01 16:20:19,712] [__main__] [INFO] {'label': 1}
[2021-06-01 16:20:21,720] [__main__] [INFO] {'label': 0}
[2021-06-01 16:20:23,726] [__main__] [INFO] {'label': 1}
[2021-06-01 16:20:25,749] [__main__] [INFO] {'label': 0}
[2021-06-01 16:20:27,739] [__main__] [INFO] {'label': 1}
[2021-06-01 16:20:29,782] [__main__] [INFO] {'label': 0}
[2021-06-01 16:20:31,783] [__main__] [INFO] {'label': 0}
[2021-06-01 16:20:33,790] [__main__] [INFO] {'label': 0}
[2021-06-01 16:20:35,797] [__main__] [INFO] {'label': 0}
[2021-06-01 16:20:37,803] [__main__] [INFO] {'label': 0}
[2021-06-01 16:20:39,818] [__main__] [INFO] {'label': 0}
[2021-06-01 16:20:41,818] [__main__] [INFO] {'label': 0}
[2021-06-01 16:20:43,825] [__main__] [INFO] {'label': 0}
[2021-06-01 16:20:45,834] [__main__] [INFO] {'label': 0}
[2021-06-01 16:20:47,839] [__main__] [INFO] {'label': 0}
[2021-06-01 16:20:49,869] [__main__] [INFO] {'label': 0}
[2021-06-01 16:20:51,868] [__main__] [INFO] {'label': 0}
[2021-06-01 16:20:53,871] [__main__] [INFO] {'label': 0}
[2021-06-01 16:20:55,877] [__main__] [INFO] {'label': 0}
[2021-06-01 16:20:57,898] [__main__] [INFO] {'label': 0}
[2021-06-01 16:20:59,891] [__main__] [INFO] {'label': 1}
[2021-06-01 16:21:01,945] [__main__] [INFO] {'label': 1}
[2021-06-01 16:21:03,935] [__main__] [INFO] {'label': 0}
[2021-06-01 16:21:05,963] [__main__] [INFO] {'label': 1}
[2021-06-01 16:21:07,961] [__main__] [INFO] {'label': 1}
[2021-06-01 16:21:09,975] [__main__] [INFO] {'label': 0}
[2021-06-01 16:21:10,599] [kafka.conn] [ERROR] <BrokerConnection node_id=1 host=broker:9092 <connected> [IPv4 ('172.22.0.3', 9092)]>: socket disconnected
[2021-06-01 16:21:10,599] [kafka.conn] [INFO] <BrokerConnection node_id=1 host=broker:9092 <connected> [IPv4 ('172.22.0.3', 9092)]>: Closing connection. KafkaConnectionError: socket disconnected
[2021-06-01 16:21:10,600] [kafka.client] [WARNING] Node 1 connection failed -- refreshing metadata
[2021-06-01 16:21:10,601] [kafka.consumer.fetcher] [ERROR] Fetch to node 1 failed: KafkaConnectionError: socket disconnected
[2021-06-01 16:21:10,602] [kafka.conn] [INFO] <BrokerConnection node_id=1 host=broker:9092 <connected> [IPv4 ('172.22.0.3', 9092)]>: Closing connection. KafkaConnectionError: Socket EVENT_READ without in-flight-requests
[2021-06-01 16:21:10,604] [kafka.client] [WARNING] Node 1 connection failed -- refreshing metadata
[2021-06-01 16:21:10,605] [kafka.conn] [INFO] <BrokerConnection node_id=1 host=broker:9092 <connecting> [IPv4 ('172.22.0.3', 9092)]>: connecting to broker:9092 [('172.22.0.3', 9092) IPv4]
[2021-06-01 16:21:10,606] [kafka.conn] [ERROR] Connect attempt to <BrokerConnection node_id=1 host=broker:9092 <connecting> [IPv4 ('172.22.0.3', 9092)]> returned error 111. Disconnecting.
[2021-06-01 16:21:10,608] [kafka.conn] [INFO] <BrokerConnection node_id=1 host=broker:9092 <connecting> [IPv4 ('172.22.0.3', 9092)]>: Closing connection. KafkaConnectionError: 111 ECONNREFUSED
[2021-06-01 16:21:10,608] [kafka.client] [WARNING] Node 1 connection failed -- refreshing metadata
[2021-06-01 16:21:10,657] [kafka.conn] [INFO] <BrokerConnection node_id=1 host=broker:9092 <connecting> [IPv4 ('172.22.0.3', 9092)]>: connecting to broker:9092 [('172.22.0.3', 9092) IPv4]
[2021-06-01 16:21:10,658] [kafka.conn] [ERROR] Connect attempt to <BrokerConnection node_id=1 host=broker:9092 <connecting> [IPv4 ('172.22.0.3', 9092)]> returned error 111. Disconnecting.
[2021-06-01 16:21:10,659] [kafka.conn] [INFO] <BrokerConnection node_id=1 host=broker:9092 <connecting> [IPv4 ('172.22.0.3', 9092)]>: Closing connection. KafkaConnectionError: 111 ECONNREFUSED
[2021-06-01 16:21:10,659] [kafka.client] [WARNING] Node 1 connection failed -- refreshing metadata
[2021-06-01 16:21:10,761] [kafka.conn] [INFO] <BrokerConnection node_id=1 host=broker:9092 <connecting> [IPv4 ('172.22.0.3', 9092)]>: connecting to broker:9092 [('172.22.0.3', 9092) IPv4]
[2021-06-01 16:21:10,762] [kafka.conn] [ERROR] Connect attempt to <BrokerConnection node_id=1 host=broker:9092 <connecting> [IPv4 ('172.22.0.3', 9092)]> returned error 111. Disconnecting.
[2021-06-01 16:21:10,762] [kafka.conn] [INFO] <BrokerConnection node_id=1 host=broker:9092 <connecting> [IPv4 ('172.22.0.3', 9092)]>: Closing connection. KafkaConnectionError: 111 ECONNREFUSED
[2021-06-01 16:21:10,763] [kafka.client] [WARNING] Node 1 connection failed -- refreshing metadata
[2021-06-01 16:21:10,811] [kafka.conn] [INFO] <BrokerConnection node_id=1 host=broker:9092 <connecting> [IPv4 ('172.22.0.3', 9092)]>: connecting to broker:9092 [('172.22.0.3', 9092) IPv4]
[2021-06-01 16:21:10,812] [kafka.conn] [ERROR] Connect attempt to <BrokerConnection node_id=1 host=broker:9092 <connecting> [IPv4 ('172.22.0.3', 9092)]> returned error 111. Disconnecting.
[2021-06-01 16:21:10,812] [kafka.conn] [INFO] <BrokerConnection node_id=1 host=broker:9092 <connecting> [IPv4 ('172.22.0.3', 9092)]>: Closing connection. KafkaConnectionError: 111 ECONNREFUSED
[2021-06-01 16:21:10,813] [kafka.client] [WARNING] Node 1 connection failed -- refreshing metadata
[2021-06-01 16:21:10,990] [kafka.conn] [INFO] <BrokerConnection node_id=1 host=broker:9092 <connecting> [IPv4 ('172.22.0.3', 9092)]>: connecting to broker:9092 [('172.22.0.3', 9092) IPv4]
[2021-06-01 16:21:10,996] [kafka.conn] [ERROR] Connect attempt to <BrokerConnection node_id=1 host=broker:9092 <connecting> [IPv4 ('172.22.0.3', 9092)]> returned error 111. Disconnecting.
[2021-06-01 16:21:11,004] [kafka.conn] [INFO] <BrokerConnection node_id=1 host=broker:9092 <connecting> [IPv4 ('172.22.0.3', 9092)]>: Closing connection. KafkaConnectionError: 111 ECONNREFUSED
[2021-06-01 16:21:11,005] [kafka.client] [WARNING] Node 1 connection failed -- refreshing metadata
[2021-06-01 16:21:11,066] [kafka.conn] [INFO] <BrokerConnection node_id=1 host=broker:9092 <connecting> [IPv4 ('172.22.0.3', 9092)]>: connecting to broker:9092 [('172.22.0.3', 9092) IPv4]
[2021-06-01 16:21:11,067] [kafka.conn] [ERROR] Connect attempt to <BrokerConnection node_id=1 host=broker:9092 <connecting> [IPv4 ('172.22.0.3', 9092)]> returned error 111. Disconnecting.
[2021-06-01 16:21:11,067] [kafka.conn] [INFO] <BrokerConnection node_id=1 host=broker:9092 <connecting> [IPv4 ('172.22.0.3', 9092)]>: Closing connection. KafkaConnectionError: 111 ECONNREFUSED
[2021-06-01 16:21:11,068] [kafka.client] [WARNING] Node 1 connection failed -- refreshing metadata
[2021-06-01 16:21:11,413] [kafka.conn] [INFO] <BrokerConnection node_id=1 host=broker:9092 <connecting> [IPv4 ('172.22.0.3', 9092)]>: connecting to broker:9092 [('172.22.0.3', 9092) IPv4]
[2021-06-01 16:21:11,414] [kafka.conn] [ERROR] Connect attempt to <BrokerConnection node_id=1 host=broker:9092 <connecting> [IPv4 ('172.22.0.3', 9092)]> returned error 111. Disconnecting.
[2021-06-01 16:21:11,415] [kafka.conn] [INFO] <BrokerConnection node_id=1 host=broker:9092 <connecting> [IPv4 ('172.22.0.3', 9092)]>: Closing connection. KafkaConnectionError: 111 ECONNREFUSED
[2021-06-01 16:21:11,416] [kafka.client] [WARNING] Node 1 connection failed -- refreshing metadata
[2021-06-01 16:21:11,474] [kafka.conn] [INFO] <BrokerConnection node_id=1 host=broker:9092 <connecting> [IPv4 ('172.22.0.3', 9092)]>: connecting to broker:9092 [('172.22.0.3', 9092) IPv4]
[2021-06-01 16:21:11,475] [kafka.conn] [ERROR] Connect attempt to <BrokerConnection node_id=1 host=broker:9092 <connecting> [IPv4 ('172.22.0.3', 9092)]> returned error 111. Disconnecting.
[2021-06-01 16:21:11,475] [kafka.conn] [INFO] <BrokerConnection node_id=1 host=broker:9092 <connecting> [IPv4 ('172.22.0.3', 9092)]>: Closing connection. KafkaConnectionError: 111 ECONNREFUSED
[2021-06-01 16:21:11,476] [kafka.client] [WARNING] Node 1 connection failed -- refreshing metadata
[2021-06-01 16:21:12,125] [kafka.conn] [INFO] <BrokerConnection node_id=1 host=broker:9092 <connecting> [IPv4 ('172.22.0.3', 9092)]>: connecting to broker:9092 [('172.22.0.3', 9092) IPv4]
[2021-06-01 16:21:12,126] [kafka.conn] [ERROR] Connect attempt to <BrokerConnection node_id=1 host=broker:9092 <connecting> [IPv4 ('172.22.0.3', 9092)]> returned error 111. Disconnecting.
[2021-06-01 16:21:12,127] [kafka.conn] [INFO] <BrokerConnection node_id=1 host=broker:9092 <connecting> [IPv4 ('172.22.0.3', 9092)]>: Closing connection. KafkaConnectionError: 111 ECONNREFUSED
[2021-06-01 16:21:12,127] [kafka.client] [WARNING] Node 1 connection failed -- refreshing metadata
[2021-06-01 16:21:12,284] [kafka.conn] [INFO] <BrokerConnection node_id=1 host=broker:9092 <connecting> [IPv4 ('172.22.0.3', 9092)]>: connecting to broker:9092 [('172.22.0.3', 9092) IPv4]
[2021-06-01 16:21:12,285] [kafka.conn] [ERROR] Connect attempt to <BrokerConnection node_id=1 host=broker:9092 <connecting> [IPv4 ('172.22.0.3', 9092)]> returned error 111. Disconnecting.
[2021-06-01 16:21:12,286] [kafka.conn] [INFO] <BrokerConnection node_id=1 host=broker:9092 <connecting> [IPv4 ('172.22.0.3', 9092)]>: Closing connection. KafkaConnectionError: 111 ECONNREFUSED
[2021-06-01 16:21:12,286] [kafka.client] [WARNING] Node 1 connection failed -- refreshing metadata
[2021-06-01 16:21:13,138] [kafka.conn] [INFO] <BrokerConnection node_id=1 host=broker:9092 <connecting> [IPv4 ('172.22.0.3', 9092)]>: connecting to broker:9092 [('172.22.0.3', 9092) IPv4]
[2021-06-02 03:54:14,293] [kafka.conn] [WARNING] DNS lookup failed for broker:9092, exception was [Errno -3] Temporary failure in name resolution. Is your advertised.listeners (called advertised.host.name before Kafka 9) correct and resolvable?
[2021-06-02 03:54:14,297] [kafka.conn] [ERROR] DNS lookup failed for broker:9092 (AddressFamily.AF_UNSPEC)
[2021-06-02 03:54:14,300] [kafka.conn] [INFO] Probing node bootstrap-0 broker version
[2021-06-02 03:54:28,581] [kafka.conn] [INFO] <BrokerConnection node_id=bootstrap-0 host=broker:9092 <connecting> [IPv4 ('172.22.0.7', 9092)]>: connecting to broker:9092 [('172.22.0.7', 9092) IPv4]
[2021-06-02 03:54:28,582] [kafka.conn] [INFO] Probing node bootstrap-0 broker version
[2021-06-02 03:54:28,584] [kafka.conn] [INFO] <BrokerConnection node_id=bootstrap-0 host=broker:9092 <connecting> [IPv4 ('172.22.0.7', 9092)]>: Connection complete.
[2021-06-02 03:54:28,692] [kafka.conn] [INFO] Broker version identified as 2.5.0
[2021-06-02 03:54:28,696] [kafka.conn] [INFO] Set configuration api_version=(2, 5, 0) to skip auto check_version requests on startup
[2021-06-02 03:54:28,698] [kafka.coordinator.consumer] [WARNING] group_id is None: disabling auto-commit.
[2021-06-02 03:54:28,699] [kafka.consumer.subscription_state] [INFO] Updating subscribed topics to: ('spam_data',)
[2021-06-02 03:54:28,704] [kafka.conn] [INFO] <BrokerConnection node_id=bootstrap-0 host=broker:9092 <connecting> [IPv4 ('172.22.0.7', 9092)]>: connecting to broker:9092 [('172.22.0.7', 9092) IPv4]
[2021-06-02 03:54:28,709] [kafka.conn] [INFO] Probing node bootstrap-0 broker version
[2021-06-02 03:54:28,716] [kafka.conn] [INFO] <BrokerConnection node_id=bootstrap-0 host=broker:9092 <connecting> [IPv4 ('172.22.0.7', 9092)]>: Connection complete.
[2021-06-02 03:54:28,828] [kafka.conn] [INFO] Broker version identified as 2.5.0
[2021-06-02 03:54:28,833] [kafka.conn] [INFO] Set configuration api_version=(2, 5, 0) to skip auto check_version requests on startup
[2021-06-02 03:54:28,852] [kafka.consumer.subscription_state] [INFO] Updated partition assignment: [TopicPartition(topic='spam_data', partition=0)]
[2021-06-02 03:54:28,863] [kafka.conn] [INFO] <BrokerConnection node_id=1 host=broker:9092 <connecting> [IPv4 ('172.22.0.7', 9092)]>: connecting to broker:9092 [('172.22.0.7', 9092) IPv4]
[2021-06-02 03:54:28,866] [kafka.conn] [INFO] <BrokerConnection node_id=1 host=broker:9092 <connecting> [IPv4 ('172.22.0.7', 9092)]>: Connection complete.
[2021-06-02 03:54:28,868] [kafka.conn] [INFO] <BrokerConnection node_id=bootstrap-0 host=broker:9092 <connected> [IPv4 ('172.22.0.7', 9092)]>: Closing connection. 
[2021-06-02 03:54:30,836] [__main__] [INFO] {'label': 1}
[2021-06-02 03:54:30,839] [kafka.conn] [INFO] <BrokerConnection node_id=1 host=broker:9092 <connecting> [IPv4 ('172.22.0.7', 9092)]>: connecting to broker:9092 [('172.22.0.7', 9092) IPv4]
[2021-06-02 03:54:30,840] [kafka.conn] [INFO] <BrokerConnection node_id=1 host=broker:9092 <connecting> [IPv4 ('172.22.0.7', 9092)]>: Connection complete.
[2021-06-02 03:54:30,841] [kafka.conn] [INFO] <BrokerConnection node_id=bootstrap-0 host=broker:9092 <connected> [IPv4 ('172.22.0.7', 9092)]>: Closing connection. 
[2021-06-02 03:54:32,844] [__main__] [INFO] {'label': 0}
[2021-06-02 03:54:34,849] [__main__] [INFO] {'label': 0}
[2021-06-02 03:54:36,856] [__main__] [INFO] {'label': 1}
[2021-06-02 03:54:38,865] [__main__] [INFO] {'label': 1}
[2021-06-02 03:54:40,871] [__main__] [INFO] {'label': 0}
[2021-06-02 03:54:42,894] [__main__] [INFO] {'label': 0}
[2021-06-02 03:54:44,906] [__main__] [INFO] {'label': 1}
[2021-06-02 03:54:46,906] [__main__] [INFO] {'label': 1}
[2021-06-02 03:54:48,928] [__main__] [INFO] {'label': 0}
[2021-06-02 03:54:50,927] [__main__] [INFO] {'label': 0}
[2021-06-02 03:54:52,933] [__main__] [INFO] {'label': 1}
[2021-06-02 03:54:54,940] [__main__] [INFO] {'label': 0}
[2021-06-02 03:54:56,963] [__main__] [INFO] {'label': 1}
[2021-06-02 03:54:58,974] [__main__] [INFO] {'label': 1}
[2021-06-02 03:55:00,976] [__main__] [INFO] {'label': 1}
[2021-06-02 03:55:02,981] [__main__] [INFO] {'label': 0}
[2021-06-02 03:55:04,993] [__main__] [INFO] {'label': 1}
[2021-06-02 03:55:07,010] [__main__] [INFO] {'label': 0}
[2021-06-02 03:55:09,024] [__main__] [INFO] {'label': 0}
[2021-06-02 03:55:11,023] [__main__] [INFO] {'label': 1}
[2021-06-02 03:55:13,046] [__main__] [INFO] {'label': 0}
[2021-06-02 03:55:15,051] [__main__] [INFO] {'label': 0}
[2021-06-02 03:55:17,052] [__main__] [INFO] {'label': 1}
[2021-06-02 03:55:19,073] [__main__] [INFO] {'label': 1}
[2021-06-02 03:55:21,068] [__main__] [INFO] {'label': 0}
[2021-06-02 03:55:23,084] [__main__] [INFO] {'label': 1}
[2021-06-02 03:55:25,104] [__main__] [INFO] {'label': 1}
[2021-06-02 03:55:27,097] [__main__] [INFO] {'label': 0}
[2021-06-02 03:55:29,115] [__main__] [INFO] {'label': 1}
[2021-06-02 03:55:31,124] [__main__] [INFO] {'label': 0}
[2021-06-02 03:55:33,126] [__main__] [INFO] {'label': 0}
[2021-06-02 03:55:35,133] [__main__] [INFO] {'label': 1}
[2021-06-02 03:55:37,159] [__main__] [INFO] {'label': 1}
[2021-06-02 03:55:39,162] [__main__] [INFO] {'label': 0}
[2021-06-02 03:55:41,170] [__main__] [INFO] {'label': 1}
[2021-06-02 03:55:43,183] [__main__] [INFO] {'label': 0}
[2021-06-02 03:55:45,191] [__main__] [INFO] {'label': 1}
[2021-06-02 03:55:47,195] [__main__] [INFO] {'label': 0}
[2021-06-02 03:55:49,203] [__main__] [INFO] {'label': 1}
[2021-06-02 03:55:51,213] [__main__] [INFO] {'label': 0}
[2021-06-02 03:55:53,219] [__main__] [INFO] {'label': 0}
[2021-06-02 03:55:55,226] [__main__] [INFO] {'label': 0}
[2021-06-02 03:55:57,235] [__main__] [INFO] {'label': 0}
[2021-06-02 03:55:59,242] [__main__] [INFO] {'label': 0}
[2021-06-02 03:56:01,256] [__main__] [INFO] {'label': 0}
[2021-06-02 03:56:03,257] [__main__] [INFO] {'label': 0}
[2021-06-02 03:56:05,266] [__main__] [INFO] {'label': 0}
[2021-06-02 03:56:07,280] [__main__] [INFO] {'label': 0}
[2021-06-02 03:56:09,296] [__main__] [INFO] {'label': 0}
[2021-06-02 03:56:11,297] [__main__] [INFO] {'label': 0}
[2021-06-02 03:56:13,309] [__main__] [INFO] {'label': 0}
[2021-06-02 03:56:15,329] [__main__] [INFO] {'label': 0}
[2021-06-02 03:56:17,345] [__main__] [INFO] {'label': 0}
[2021-06-02 03:56:19,342] [__main__] [INFO] {'label': 0}
[2021-06-02 03:56:21,351] [__main__] [INFO] {'label': 1}
[2021-06-02 03:56:23,359] [__main__] [INFO] {'label': 1}
[2021-06-02 03:56:25,389] [__main__] [INFO] {'label': 0}
[2021-06-02 03:56:27,388] [__main__] [INFO] {'label': 1}
[2021-06-02 03:56:29,395] [__main__] [INFO] {'label': 1}
[2021-06-02 03:56:31,408] [__main__] [INFO] {'label': 0}
[2021-06-02 03:56:33,416] [__main__] [INFO] {'label': 0}
[2021-06-02 03:56:35,420] [__main__] [INFO] {'label': 0}
[2021-06-02 03:56:37,429] [__main__] [INFO] {'label': 1}
[2021-06-02 03:56:39,434] [__main__] [INFO] {'label': 0}
[2021-06-02 03:56:41,442] [__main__] [INFO] {'label': 0}
[2021-06-02 03:56:43,465] [__main__] [INFO] {'label': 0}
[2021-06-02 03:56:45,480] [__main__] [INFO] {'label': 1}
[2021-06-02 03:56:47,500] [__main__] [INFO] {'label': 0}
[2021-06-02 03:56:49,500] [__main__] [INFO] {'label': 0}
[2021-06-02 03:56:51,521] [__main__] [INFO] {'label': 0}
[2021-06-02 03:56:53,524] [__main__] [INFO] {'label': 0}
[2021-06-02 03:56:55,538] [__main__] [INFO] {'label': 1}
[2021-06-02 03:56:57,539] [__main__] [INFO] {'label': 1}
[2021-06-02 03:56:59,548] [__main__] [INFO] {'label': 0}
[2021-06-02 03:57:01,552] [__main__] [INFO] {'label': 0}
[2021-06-02 03:57:03,577] [__main__] [INFO] {'label': 0}
[2021-06-02 03:57:05,583] [__main__] [INFO] {'label': 1}
[2021-06-02 03:57:07,608] [__main__] [INFO] {'label': 1}
[2021-06-02 03:57:09,606] [__main__] [INFO] {'label': 1}
[2021-06-02 03:57:11,614] [__main__] [INFO] {'label': 1}
[2021-06-02 03:57:13,623] [__main__] [INFO] {'label': 1}
[2021-06-02 03:57:15,632] [__main__] [INFO] {'label': 0}
[2021-06-02 03:57:17,640] [__main__] [INFO] {'label': 0}
[2021-06-02 03:57:19,671] [__main__] [INFO] {'label': 0}
[2021-06-02 03:57:21,686] [__main__] [INFO] {'label': 0}
[2021-06-02 03:57:23,685] [__main__] [INFO] {'label': 1}
[2021-06-02 03:57:25,707] [__main__] [INFO] {'label': 0}
[2021-06-02 03:57:27,705] [__main__] [INFO] {'label': 0}
[2021-06-02 03:57:29,711] [__main__] [INFO] {'label': 0}
[2021-06-02 03:57:31,719] [__main__] [INFO] {'label': 1}
[2021-06-02 03:57:33,742] [__main__] [INFO] {'label': 0}
[2021-06-02 03:57:35,752] [__main__] [INFO] {'label': 0}
[2021-06-02 03:57:37,777] [__main__] [INFO] {'label': 0}
[2021-06-02 03:57:39,798] [__main__] [INFO] {'label': 0}
[2021-06-02 03:57:41,820] [__main__] [INFO] {'label': 1}
[2021-06-02 03:57:43,829] [__main__] [INFO] {'label': 0}
[2021-06-02 03:57:45,836] [__main__] [INFO] {'label': 0}
[2021-06-02 03:57:47,848] [__main__] [INFO] {'label': 1}
[2021-06-02 03:57:49,850] [__main__] [INFO] {'label': 0}
[2021-06-02 03:57:51,858] [__main__] [INFO] {'label': 1}
[2021-06-02 03:57:53,886] [__main__] [INFO] {'label': 0}
[2021-06-02 03:57:55,894] [__main__] [INFO] {'label': 0}
[2021-06-02 03:57:57,897] [__main__] [INFO] {'label': 0}
[2021-06-02 03:57:59,902] [__main__] [INFO] {'label': 0}
[2021-06-02 03:58:01,929] [__main__] [INFO] {'label': 1}
[2021-06-02 03:58:03,934] [__main__] [INFO] {'label': 1}
[2021-06-02 03:58:05,956] [__main__] [INFO] {'label': 0}
[2021-06-02 03:58:07,956] [__main__] [INFO] {'label': 0}
[2021-06-02 03:58:09,960] [__main__] [INFO] {'label': 0}
[2021-06-02 03:58:11,989] [__main__] [INFO] {'label': 1}
[2021-06-02 03:58:13,993] [__main__] [INFO] {'label': 0}
[2021-06-02 03:58:16,010] [__main__] [INFO] {'label': 1}
[2021-06-02 03:58:18,019] [__main__] [INFO] {'label': 0}
[2021-06-02 03:58:20,017] [__main__] [INFO] {'label': 0}
[2021-06-02 03:58:22,025] [__main__] [INFO] {'label': 0}
[2021-06-02 03:58:24,029] [__main__] [INFO] {'label': 1}
[2021-06-02 03:58:26,053] [__main__] [INFO] {'label': 0}
[2021-06-02 03:58:28,078] [__main__] [INFO] {'label': 1}
[2021-06-02 03:58:30,076] [__main__] [INFO] {'label': 1}
[2021-06-02 03:58:32,075] [__main__] [INFO] {'label': 0}
[2021-06-02 03:58:34,087] [__main__] [INFO] {'label': 0}
[2021-06-02 03:58:36,092] [__main__] [INFO] {'label': 0}
[2021-06-02 03:58:38,105] [__main__] [INFO] {'label': 0}
[2021-06-02 03:58:40,120] [__main__] [INFO] {'label': 1}
[2021-06-02 03:58:42,127] [__main__] [INFO] {'label': 1}
[2021-06-02 03:58:44,131] [__main__] [INFO] {'label': 0}
[2021-06-02 03:58:46,139] [__main__] [INFO] {'label': 1}
[2021-06-02 03:58:48,145] [__main__] [INFO] {'label': 0}
[2021-06-02 03:58:50,158] [__main__] [INFO] {'label': 0}
[2021-06-02 03:58:52,177] [__main__] [INFO] {'label': 0}
[2021-06-02 03:58:54,176] [__main__] [INFO] {'label': 0}
[2021-06-02 03:58:56,181] [__main__] [INFO] {'label': 0}
[2021-06-02 03:58:58,190] [__main__] [INFO] {'label': 1}
[2021-06-02 03:59:00,210] [__main__] [INFO] {'label': 0}
[2021-06-02 03:59:02,210] [__main__] [INFO] {'label': 1}
[2021-06-02 03:59:04,215] [__main__] [INFO] {'label': 1}
[2021-06-02 03:59:06,224] [__main__] [INFO] {'label': 0}
[2021-06-02 03:59:08,249] [__main__] [INFO] {'label': 0}
[2021-06-02 03:59:10,245] [__main__] [INFO] {'label': 1}
[2021-06-02 03:59:12,253] [__main__] [INFO] {'label': 1}
[2021-06-02 03:59:14,272] [__main__] [INFO] {'label': 1}
[2021-06-02 03:59:16,275] [__main__] [INFO] {'label': 0}
[2021-06-02 03:59:18,290] [__main__] [INFO] {'label': 1}
[2021-06-02 03:59:20,296] [__main__] [INFO] {'label': 1}
[2021-06-02 03:59:22,317] [__main__] [INFO] {'label': 0}
[2021-06-02 03:59:24,313] [__main__] [INFO] {'label': 0}
[2021-06-02 03:59:26,323] [__main__] [INFO] {'label': 1}
[2021-06-02 03:59:28,329] [__main__] [INFO] {'label': 0}
[2021-06-02 03:59:30,333] [__main__] [INFO] {'label': 0}
[2021-06-02 03:59:32,351] [__main__] [INFO] {'label': 0}
[2021-06-02 03:59:34,356] [__main__] [INFO] {'label': 0}
[2021-06-02 03:59:36,361] [__main__] [INFO] {'label': 0}
[2021-06-02 03:59:38,368] [__main__] [INFO] {'label': 1}
[2021-06-02 03:59:40,376] [__main__] [INFO] {'label': 0}
[2021-06-02 03:59:42,384] [__main__] [INFO] {'label': 0}
[2021-06-02 03:59:44,391] [__main__] [INFO] {'label': 0}
[2021-06-02 03:59:46,414] [__main__] [INFO] {'label': 1}
[2021-06-02 03:59:48,416] [__main__] [INFO] {'label': 0}
[2021-06-02 03:59:50,418] [__main__] [INFO] {'label': 0}
[2021-06-02 03:59:52,443] [__main__] [INFO] {'label': 0}
[2021-06-02 03:59:54,446] [__main__] [INFO] {'label': 1}
[2021-06-02 03:59:56,453] [__main__] [INFO] {'label': 0}
[2021-06-02 03:59:58,460] [__main__] [INFO] {'label': 0}
[2021-06-02 04:00:00,465] [__main__] [INFO] {'label': 0}
[2021-06-02 04:00:02,474] [__main__] [INFO] {'label': 0}
[2021-06-02 04:00:04,495] [__main__] [INFO] {'label': 0}
[2021-06-02 04:00:06,509] [__main__] [INFO] {'label': 0}
[2021-06-02 04:00:08,512] [__main__] [INFO] {'label': 1}
[2021-06-02 04:00:10,513] [__main__] [INFO] {'label': 1}
[2021-06-02 04:00:12,514] [__main__] [INFO] {'label': 1}
[2021-06-02 04:00:14,536] [__main__] [INFO] {'label': 0}
[2021-06-02 04:00:16,536] [__main__] [INFO] {'label': 1}
[2021-06-02 04:00:18,541] [__main__] [INFO] {'label': 1}
[2021-06-02 04:00:20,554] [__main__] [INFO] {'label': 0}
[2021-06-02 04:00:22,570] [__main__] [INFO] {'label': 0}
[2021-06-02 04:00:24,565] [__main__] [INFO] {'label': 0}
[2021-06-02 04:00:26,572] [__main__] [INFO] {'label': 0}
[2021-06-02 04:00:28,584] [__main__] [INFO] {'label': 1}
[2021-06-02 04:00:30,587] [__main__] [INFO] {'label': 0}
[2021-06-02 04:00:32,604] [__main__] [INFO] {'label': 0}
[2021-06-02 04:00:34,603] [__main__] [INFO] {'label': 1}
[2021-06-02 04:00:36,611] [__main__] [INFO] {'label': 0}
[2021-06-02 04:00:38,635] [__main__] [INFO] {'label': 0}
[2021-06-02 04:00:40,633] [__main__] [INFO] {'label': 0}
[2021-06-02 04:00:42,657] [__main__] [INFO] {'label': 0}
[2021-06-02 04:00:44,660] [__main__] [INFO] {'label': 1}
[2021-06-02 04:00:46,663] [__main__] [INFO] {'label': 0}
[2021-06-02 04:00:48,669] [__main__] [INFO] {'label': 1}
[2021-06-02 04:00:50,674] [__main__] [INFO] {'label': 0}
[2021-06-02 04:00:52,695] [__main__] [INFO] {'label': 1}
[2021-06-02 04:00:54,690] [__main__] [INFO] {'label': 0}
[2021-06-02 04:00:56,697] [__main__] [INFO] {'label': 1}
[2021-06-02 04:00:58,713] [__main__] [INFO] {'label': 0}
[2021-06-02 04:01:00,711] [__main__] [INFO] {'label': 0}
[2021-06-02 04:01:02,718] [__main__] [INFO] {'label': 1}
[2021-06-02 04:01:04,729] [__main__] [INFO] {'label': 0}
[2021-06-02 04:01:06,733] [__main__] [INFO] {'label': 0}
[2021-06-02 04:01:08,751] [__main__] [INFO] {'label': 1}
[2021-06-02 04:01:10,754] [__main__] [INFO] {'label': 1}
[2021-06-02 04:01:12,756] [__main__] [INFO] {'label': 1}
[2021-06-02 04:01:14,763] [__main__] [INFO] {'label': 0}
[2021-06-02 04:01:16,769] [__main__] [INFO] {'label': 1}
[2021-06-02 04:01:18,779] [__main__] [INFO] {'label': 0}
[2021-06-02 04:01:20,784] [__main__] [INFO] {'label': 1}
[2021-06-02 04:01:22,794] [__main__] [INFO] {'label': 0}
[2021-06-02 04:01:24,815] [__main__] [INFO] {'label': 0}
[2021-06-02 04:01:26,808] [__main__] [INFO] {'label': 1}
[2021-06-02 04:01:28,826] [__main__] [INFO] {'label': 0}
[2021-06-02 04:01:30,823] [__main__] [INFO] {'label': 0}
[2021-06-02 04:01:32,832] [__main__] [INFO] {'label': 0}
[2021-06-02 04:01:34,839] [__main__] [INFO] {'label': 0}
[2021-06-02 04:01:36,843] [__main__] [INFO] {'label': 0}
[2021-06-02 04:01:38,852] [__main__] [INFO] {'label': 1}
[2021-06-02 04:01:40,861] [__main__] [INFO] {'label': 0}
[2021-06-02 04:01:42,862] [__main__] [INFO] {'label': 1}
[2021-06-02 04:01:44,871] [__main__] [INFO] {'label': 1}
[2021-06-02 04:01:46,876] [__main__] [INFO] {'label': 0}
[2021-06-02 04:01:48,888] [__main__] [INFO] {'label': 1}
[2021-06-02 04:01:50,912] [__main__] [INFO] {'label': 1}
[2021-06-02 04:01:52,904] [__main__] [INFO] {'label': 0}
[2021-06-02 04:01:54,915] [__main__] [INFO] {'label': 0}
[2021-06-02 04:01:56,935] [__main__] [INFO] {'label': 0}
[2021-06-02 04:01:58,973] [__main__] [INFO] {'label': 0}
[2021-06-02 04:02:00,983] [__main__] [INFO] {'label': 1}
[2021-06-02 04:02:02,986] [__main__] [INFO] {'label': 1}
[2021-06-02 04:02:05,016] [__main__] [INFO] {'label': 1}
[2021-06-02 04:02:07,014] [__main__] [INFO] {'label': 0}
[2021-06-02 04:02:09,024] [__main__] [INFO] {'label': 1}
[2021-06-02 04:02:11,044] [__main__] [INFO] {'label': 0}
[2021-06-02 04:02:13,049] [__main__] [INFO] {'label': 1}
[2021-06-02 04:02:15,061] [__main__] [INFO] {'label': 0}
[2021-06-02 04:02:17,086] [__main__] [INFO] {'label': 0}
[2021-06-02 04:02:19,092] [__main__] [INFO] {'label': 0}
[2021-06-02 04:02:21,116] [__main__] [INFO] {'label': 0}
[2021-06-03 06:22:16,295] [kafka.conn] [INFO] <BrokerConnection node_id=bootstrap-0 host=broker:9092 <connecting> [IPv4 ('172.22.0.7', 9092)]>: connecting to broker:9092 [('172.22.0.7', 9092) IPv4]
[2021-06-03 06:22:16,296] [kafka.conn] [INFO] Probing node bootstrap-0 broker version
[2021-06-03 06:22:16,298] [kafka.conn] [INFO] <BrokerConnection node_id=bootstrap-0 host=broker:9092 <connecting> [IPv4 ('172.22.0.7', 9092)]>: Connection complete.
[2021-06-03 06:22:16,402] [kafka.conn] [INFO] Broker version identified as 2.5.0
[2021-06-03 06:22:16,402] [kafka.conn] [INFO] Set configuration api_version=(2, 5, 0) to skip auto check_version requests on startup
[2021-06-03 06:22:16,404] [kafka.coordinator.consumer] [WARNING] group_id is None: disabling auto-commit.
[2021-06-03 06:22:16,404] [kafka.consumer.subscription_state] [INFO] Updating subscribed topics to: ('spam_data',)
[2021-06-03 06:22:16,407] [kafka.conn] [INFO] <BrokerConnection node_id=bootstrap-0 host=broker:9092 <connecting> [IPv4 ('172.22.0.7', 9092)]>: connecting to broker:9092 [('172.22.0.7', 9092) IPv4]
[2021-06-03 06:22:16,408] [kafka.conn] [INFO] Probing node bootstrap-0 broker version
[2021-06-03 06:22:16,410] [kafka.conn] [INFO] <BrokerConnection node_id=bootstrap-0 host=broker:9092 <connecting> [IPv4 ('172.22.0.7', 9092)]>: Connection complete.
[2021-06-03 06:22:16,514] [kafka.conn] [INFO] Broker version identified as 2.5.0
[2021-06-03 06:22:16,514] [kafka.conn] [INFO] Set configuration api_version=(2, 5, 0) to skip auto check_version requests on startup
[2021-06-03 06:22:16,518] [kafka.consumer.subscription_state] [INFO] Updated partition assignment: [TopicPartition(topic='spam_data', partition=0)]
[2021-06-03 06:22:16,521] [kafka.conn] [INFO] <BrokerConnection node_id=1 host=broker:9092 <connecting> [IPv4 ('172.22.0.7', 9092)]>: connecting to broker:9092 [('172.22.0.7', 9092) IPv4]
[2021-06-03 06:22:16,522] [kafka.conn] [INFO] <BrokerConnection node_id=1 host=broker:9092 <connecting> [IPv4 ('172.22.0.7', 9092)]>: Connection complete.
[2021-06-03 06:22:16,522] [kafka.conn] [INFO] <BrokerConnection node_id=bootstrap-0 host=broker:9092 <connected> [IPv4 ('172.22.0.7', 9092)]>: Closing connection. 
[2021-06-03 06:22:17,542] [__main__] [INFO] {'label': 1}
[2021-06-03 06:22:17,545] [kafka.conn] [INFO] <BrokerConnection node_id=1 host=broker:9092 <connecting> [IPv4 ('172.22.0.7', 9092)]>: connecting to broker:9092 [('172.22.0.7', 9092) IPv4]
[2021-06-03 06:22:17,546] [kafka.conn] [INFO] <BrokerConnection node_id=1 host=broker:9092 <connecting> [IPv4 ('172.22.0.7', 9092)]>: Connection complete.
[2021-06-03 06:22:17,547] [kafka.conn] [INFO] <BrokerConnection node_id=bootstrap-0 host=broker:9092 <connected> [IPv4 ('172.22.0.7', 9092)]>: Closing connection. 
[2021-06-03 06:22:19,546] [__main__] [INFO] {'label': 0}
[2021-06-03 06:22:21,557] [__main__] [INFO] {'label': 0}
[2021-06-03 06:22:23,561] [__main__] [INFO] {'label': 1}
[2021-06-03 06:22:25,568] [__main__] [INFO] {'label': 1}
[2021-06-03 06:22:27,577] [__main__] [INFO] {'label': 0}
[2021-06-03 06:22:29,585] [__main__] [INFO] {'label': 0}
[2021-06-03 06:22:31,589] [__main__] [INFO] {'label': 1}
[2021-06-03 06:22:33,600] [__main__] [INFO] {'label': 1}
[2021-06-03 06:22:35,611] [__main__] [INFO] {'label': 0}
[2021-06-03 06:22:37,641] [__main__] [INFO] {'label': 0}
[2021-06-03 06:22:39,636] [__main__] [INFO] {'label': 1}
[2021-06-03 06:22:41,644] [__main__] [INFO] {'label': 0}
[2021-06-03 06:22:43,648] [__main__] [INFO] {'label': 1}
[2021-06-03 06:22:45,670] [__main__] [INFO] {'label': 1}
[2021-06-03 06:22:47,680] [__main__] [INFO] {'label': 1}
[2021-06-03 06:22:49,689] [__main__] [INFO] {'label': 0}
[2021-06-03 06:22:51,706] [__main__] [INFO] {'label': 1}
[2021-06-03 06:22:53,723] [__main__] [INFO] {'label': 0}
[2021-06-03 06:22:55,728] [__main__] [INFO] {'label': 0}
[2021-06-03 06:22:57,736] [__main__] [INFO] {'label': 1}
[2021-06-03 06:22:59,745] [__main__] [INFO] {'label': 0}
[2021-06-03 06:23:01,745] [__main__] [INFO] {'label': 0}
[2021-06-03 06:23:03,757] [__main__] [INFO] {'label': 1}
[2021-06-03 06:23:05,764] [__main__] [INFO] {'label': 1}
[2021-06-03 06:23:07,784] [__main__] [INFO] {'label': 0}
[2021-06-03 06:23:09,809] [__main__] [INFO] {'label': 1}
[2021-06-03 06:23:11,818] [__main__] [INFO] {'label': 1}
[2021-06-03 06:23:13,843] [__main__] [INFO] {'label': 0}
[2021-06-03 06:23:15,857] [__main__] [INFO] {'label': 1}
[2021-06-03 06:23:17,875] [__main__] [INFO] {'label': 0}
[2021-06-03 06:23:19,874] [__main__] [INFO] {'label': 0}
[2021-06-03 06:23:21,887] [__main__] [INFO] {'label': 1}
[2021-06-03 06:23:23,915] [__main__] [INFO] {'label': 1}
[2021-06-03 06:23:25,919] [__main__] [INFO] {'label': 0}
[2021-06-03 06:23:27,939] [__main__] [INFO] {'label': 1}
[2021-06-03 06:23:29,954] [__main__] [INFO] {'label': 0}
[2021-06-03 06:23:31,954] [__main__] [INFO] {'label': 1}
[2021-06-03 06:23:33,976] [__main__] [INFO] {'label': 0}
[2021-06-03 06:23:35,982] [__main__] [INFO] {'label': 1}
[2021-06-03 06:23:38,001] [__main__] [INFO] {'label': 0}
[2021-06-03 06:23:40,001] [__main__] [INFO] {'label': 0}
[2021-06-03 06:23:42,007] [__main__] [INFO] {'label': 0}
[2021-06-03 06:23:44,015] [__main__] [INFO] {'label': 0}
[2021-06-03 06:23:46,022] [__main__] [INFO] {'label': 0}
[2021-06-03 06:23:48,045] [__main__] [INFO] {'label': 0}
[2021-06-03 06:23:50,045] [__main__] [INFO] {'label': 0}
[2021-06-03 06:23:52,049] [__main__] [INFO] {'label': 0}
[2021-06-03 06:23:54,071] [__main__] [INFO] {'label': 0}
[2021-06-03 06:23:56,066] [__main__] [INFO] {'label': 0}
[2021-06-03 06:23:58,090] [__main__] [INFO] {'label': 0}
[2021-06-03 06:24:00,088] [__main__] [INFO] {'label': 0}
[2021-06-03 06:24:02,099] [__main__] [INFO] {'label': 0}
[2021-06-03 06:24:04,123] [__main__] [INFO] {'label': 0}
[2021-06-03 06:24:06,124] [__main__] [INFO] {'label': 0}
[2021-06-03 06:24:08,134] [__main__] [INFO] {'label': 1}
[2021-06-03 06:24:10,157] [__main__] [INFO] {'label': 1}
[2021-06-03 06:24:12,158] [__main__] [INFO] {'label': 0}
[2021-06-03 06:24:14,169] [__main__] [INFO] {'label': 1}
[2021-06-03 06:24:16,175] [__main__] [INFO] {'label': 1}
[2021-06-03 06:24:18,181] [__main__] [INFO] {'label': 0}
[2021-06-03 06:24:20,191] [__main__] [INFO] {'label': 0}
[2021-06-03 06:24:22,196] [__main__] [INFO] {'label': 0}
[2021-06-03 06:24:24,200] [__main__] [INFO] {'label': 1}
[2021-06-03 06:24:26,209] [__main__] [INFO] {'label': 0}
[2021-06-03 06:24:28,224] [__main__] [INFO] {'label': 0}
[2021-06-03 06:24:30,229] [__main__] [INFO] {'label': 0}
[2021-06-03 06:24:32,234] [__main__] [INFO] {'label': 1}
[2021-06-03 06:24:34,243] [__main__] [INFO] {'label': 0}
[2021-06-03 06:24:36,254] [__main__] [INFO] {'label': 0}
[2021-06-03 06:24:38,285] [__main__] [INFO] {'label': 0}
[2021-06-03 06:24:40,284] [__main__] [INFO] {'label': 0}
[2021-06-03 06:24:42,299] [__main__] [INFO] {'label': 1}
[2021-06-03 06:24:44,313] [__main__] [INFO] {'label': 1}
[2021-06-03 06:24:46,316] [__main__] [INFO] {'label': 0}
[2021-06-03 06:24:48,335] [__main__] [INFO] {'label': 0}
[2021-06-03 06:24:50,336] [__main__] [INFO] {'label': 0}
[2021-06-03 06:24:52,349] [__main__] [INFO] {'label': 1}
[2021-06-03 06:24:54,367] [__main__] [INFO] {'label': 1}
[2021-06-03 06:24:56,371] [__main__] [INFO] {'label': 1}
[2021-06-03 06:24:58,389] [__main__] [INFO] {'label': 1}
[2021-06-03 06:25:00,389] [__main__] [INFO] {'label': 1}
[2021-06-03 06:25:02,400] [__main__] [INFO] {'label': 0}
[2021-06-03 06:25:04,406] [__main__] [INFO] {'label': 0}
[2021-06-03 06:25:06,414] [__main__] [INFO] {'label': 0}
[2021-06-03 06:25:08,432] [__main__] [INFO] {'label': 0}
[2021-06-03 06:25:10,435] [__main__] [INFO] {'label': 1}
[2021-06-03 06:25:12,453] [__main__] [INFO] {'label': 0}
[2021-06-03 06:25:14,458] [__main__] [INFO] {'label': 0}
[2021-06-03 06:25:16,464] [__main__] [INFO] {'label': 0}
[2021-06-03 06:25:18,470] [__main__] [INFO] {'label': 1}
[2021-06-03 06:25:20,479] [__main__] [INFO] {'label': 0}
[2021-06-03 06:25:22,485] [__main__] [INFO] {'label': 0}
[2021-06-03 06:25:24,491] [__main__] [INFO] {'label': 0}
[2021-06-03 06:25:26,515] [__main__] [INFO] {'label': 0}
[2021-06-03 06:25:28,516] [__main__] [INFO] {'label': 1}
[2021-06-03 06:25:30,522] [__main__] [INFO] {'label': 0}
[2021-06-03 06:25:32,529] [__main__] [INFO] {'label': 0}
[2021-06-03 06:25:34,543] [__main__] [INFO] {'label': 1}
[2021-06-03 06:25:36,547] [__main__] [INFO] {'label': 0}
[2021-06-03 06:25:38,554] [__main__] [INFO] {'label': 1}
[2021-06-03 06:25:40,561] [__main__] [INFO] {'label': 0}
[2021-06-03 06:25:42,565] [__main__] [INFO] {'label': 0}
[2021-06-03 06:25:44,578] [__main__] [INFO] {'label': 0}
[2021-06-03 06:25:46,606] [__main__] [INFO] {'label': 0}
[2021-06-03 06:25:48,611] [__main__] [INFO] {'label': 1}
